<?xml version="1.0" encoding="UTF-8"?>
<!-- Generated by org.testng.reporters.JUnitReportReporter -->
<testsuite hostname="LAPTOP-L45CF4AI" name="com.yahoo.com.yahoo.Signup_test" tests="3" failures="0" timestamp="17 Jul 2019 16:35:22 GMT" time="33.283" errors="0">
  <testcase name="Verifylinks" time="11.096" classname="com.yahoo.com.yahoo.Signup_test"/>
  <testcase name="VerifySignup" time="11.346" classname="com.yahoo.com.yahoo.Signup_test"/>
  <testcase name="Verifynegativetestcases" time="10.841" classname="com.yahoo.com.yahoo.Signup_test"/>
</testsuite> <!-- com.yahoo.com.yahoo.Signup_test -->
